<?xml version="1.0" encoding="UTF-8"?>
<testsuite name="joshuahe.com.github.commonslang.conversions.MapConversionTest" tests="1" skipped="0" failures="0" errors="0" timestamp="2016-05-07T07:40:23" hostname="jing-MacBookPro" time="0.009">
  <properties/>
  <testcase name="test map2JMap should return java map" classname="joshuahe.com.github.commonslang.conversions.MapConversionTest" time="0.009"/>
  <system-out><![CDATA[]]></system-out>
  <system-err><![CDATA[]]></system-err>
</testsuite>
