<?xml version="1.0" encoding="UTF-8"?>
<testsuite name="joshuahe.com.github.commonslang.utils.JsonUtilsTest" tests="2" skipped="0" failures="0" errors="0" timestamp="2016-05-07T07:40:23" hostname="jing-MacBookPro" time="0.176">
  <properties/>
  <testcase name="fromJson should conver json into the target class" classname="joshuahe.com.github.commonslang.utils.JsonUtilsTest" time="0.153"/>
  <testcase name="toJson should convert object into json" classname="joshuahe.com.github.commonslang.utils.JsonUtilsTest" time="0.014"/>
  <system-out><![CDATA[]]></system-out>
  <system-err><![CDATA[]]></system-err>
</testsuite>
